<?xml version="1.0" encoding="UTF-8"?>
<testsuite xmlns:xsi="http://www.w3.org/2001/XMLSchema-instance" xsi:noNamespaceSchemaLocation="https://maven.apache.org/surefire/maven-surefire-plugin/xsd/surefire-test-report.xsd" version="3.0.2" name="com.nnk.springboot.integration.UserIntegrationTest" time="0.464" tests="4" errors="0" skipped="0" failures="0">
  <properties>
[...]
</properties>
  <testcase name="addUser_test" classname="com.nnk.springboot.integration.UserIntegrationTest" time="0.083">
    <system-out><![CDATA[2025-05-30T17:22:38.053+02:00  INFO 6148 --- [           main] t.c.s.AnnotationConfigContextLoaderUtils : Could not detect default configuration classes for test class [com.nnk.springboot.integration.UserIntegrationTest]: UserIntegrationTest does not declare any static, non-private, non-final, nested classes annotated with @Configuration.
2025-05-30T17:22:38.055+02:00  INFO 6148 --- [           main] .b.t.c.SpringBootTestContextBootstrapper : Found @SpringBootConfiguration com.nnk.springboot.Application for test class com.nnk.springboot.integration.UserIntegrationTest
Hibernate: select u1_0.id,u1_0.fullname,u1_0.password,u1_0.role,u1_0.username from users u1_0
2025-05-30T17:22:38.068+02:00  INFO 6148 --- [           main] c.nnk.springboot.services.UserService    : Entrée dans la méthode pour ajouter un nouvel utilisateur.
Hibernate: delete from users where id=?
Hibernate: delete from users where id=?
Hibernate: delete from users where id=?
Hibernate: select u1_0.id,u1_0.fullname,u1_0.password,u1_0.role,u1_0.username from users u1_0 where u1_0.username=?
2025-05-30T17:22:38.135+02:00  INFO 6148 --- [           main] c.nnk.springboot.services.UserService    : Utilisateur sauvegardé avec succès.
2025-05-30T17:22:38.136+02:00  INFO 6148 --- [           main] c.nnk.springboot.services.UserService    : L'utilisateur sauvegardé : com.nnk.springboot.domain.User@3b90978b
2025-05-30T17:22:38.136+02:00  INFO 6148 --- [           main] c.nnk.springboot.services.UserService    : Tentative de récupération de la liste des utilisateurs.
Hibernate: insert into users (fullname,password,role,username,id) values (?,?,?,?,?)
Hibernate: select u1_0.id,u1_0.fullname,u1_0.password,u1_0.role,u1_0.username from users u1_0
2025-05-30T17:22:38.139+02:00  INFO 6148 --- [           main] c.nnk.springboot.services.UserService    : Liste des utilisateurs récupérée avec succès.
]]></system-out>
  </testcase>
  <testcase name="deleteUser_test" classname="com.nnk.springboot.integration.UserIntegrationTest" time="0.083">
    <system-out><![CDATA[Hibernate: select u1_0.id,u1_0.fullname,u1_0.password,u1_0.role,u1_0.username from users u1_0
2025-05-30T17:22:38.147+02:00  INFO 6148 --- [           main] c.nnk.springboot.services.UserService    : Entrée dans la méthode pour ajouter un nouvel utilisateur.
Hibernate: delete from users where id=?
Hibernate: delete from users where id=?
Hibernate: delete from users where id=?
Hibernate: select u1_0.id,u1_0.fullname,u1_0.password,u1_0.role,u1_0.username from users u1_0 where u1_0.username=?
2025-05-30T17:22:38.213+02:00  INFO 6148 --- [           main] c.nnk.springboot.services.UserService    : Utilisateur sauvegardé avec succès.
2025-05-30T17:22:38.213+02:00  INFO 6148 --- [           main] c.nnk.springboot.services.UserService    : L'utilisateur sauvegardé : com.nnk.springboot.domain.User@238d9fbc
2025-05-30T17:22:38.214+02:00  INFO 6148 --- [           main] c.nnk.springboot.services.UserService    : Tentative de récupération de la liste des utilisateurs.
Hibernate: insert into users (fullname,password,role,username,id) values (?,?,?,?,?)
Hibernate: select u1_0.id,u1_0.fullname,u1_0.password,u1_0.role,u1_0.username from users u1_0
2025-05-30T17:22:38.216+02:00  INFO 6148 --- [           main] c.nnk.springboot.services.UserService    : Liste des utilisateurs récupérée avec succès.
2025-05-30T17:22:38.218+02:00  INFO 6148 --- [           main] c.nnk.springboot.services.UserService    : Tentative de suppression de l'utilisateur avec l'ID : 14
2025-05-30T17:22:38.218+02:00  INFO 6148 --- [           main] c.nnk.springboot.services.UserService    : Tentative de récupération de l'utilisateur avec l'ID : 14
2025-05-30T17:22:38.219+02:00  INFO 6148 --- [           main] c.nnk.springboot.services.UserService    : Utilisateur avec l'ID 14 récupéré avec succès.
2025-05-30T17:22:38.220+02:00  INFO 6148 --- [           main] c.nnk.springboot.services.UserService    : Utilisateur avec l'ID 14 supprimé avec succès.
2025-05-30T17:22:38.221+02:00  INFO 6148 --- [           main] c.nnk.springboot.services.UserService    : Tentative de récupération de la liste des utilisateurs.
Hibernate: delete from users where id=?
Hibernate: select u1_0.id,u1_0.fullname,u1_0.password,u1_0.role,u1_0.username from users u1_0
2025-05-30T17:22:38.223+02:00  INFO 6148 --- [           main] c.nnk.springboot.services.UserService    : Liste des utilisateurs récupérée avec succès.
]]></system-out>
  </testcase>
  <testcase name="updateUser_test" classname="com.nnk.springboot.integration.UserIntegrationTest" time="0.144">
    <system-out><![CDATA[Hibernate: select u1_0.id,u1_0.fullname,u1_0.password,u1_0.role,u1_0.username from users u1_0
2025-05-30T17:22:38.232+02:00  INFO 6148 --- [           main] c.nnk.springboot.services.UserService    : Entrée dans la méthode pour ajouter un nouvel utilisateur.
Hibernate: delete from users where id=?
Hibernate: delete from users where id=?
Hibernate: delete from users where id=?
Hibernate: select u1_0.id,u1_0.fullname,u1_0.password,u1_0.role,u1_0.username from users u1_0 where u1_0.username=?
2025-05-30T17:22:38.296+02:00  INFO 6148 --- [           main] c.nnk.springboot.services.UserService    : Utilisateur sauvegardé avec succès.
2025-05-30T17:22:38.296+02:00  INFO 6148 --- [           main] c.nnk.springboot.services.UserService    : L'utilisateur sauvegardé : com.nnk.springboot.domain.User@74fc8c60
2025-05-30T17:22:38.297+02:00  INFO 6148 --- [           main] c.nnk.springboot.services.UserService    : Tentative de récupération de la liste des utilisateurs.
Hibernate: insert into users (fullname,password,role,username,id) values (?,?,?,?,?)
Hibernate: select u1_0.id,u1_0.fullname,u1_0.password,u1_0.role,u1_0.username from users u1_0
2025-05-30T17:22:38.299+02:00  INFO 6148 --- [           main] c.nnk.springboot.services.UserService    : Liste des utilisateurs récupérée avec succès.
2025-05-30T17:22:38.301+02:00  INFO 6148 --- [           main] c.nnk.springboot.services.UserService    : Tentative de mise à jour de l'utilisateur avec l'ID : 15
Hibernate: select u1_0.id,u1_0.fullname,u1_0.password,u1_0.role,u1_0.username from users u1_0 where u1_0.username=?
2025-05-30T17:22:38.364+02:00  INFO 6148 --- [           main] c.nnk.springboot.services.UserService    : Tentative de récupération de l'utilisateur avec l'ID : 15
2025-05-30T17:22:38.364+02:00  INFO 6148 --- [           main] c.nnk.springboot.services.UserService    : Utilisateur avec l'ID 15 récupéré avec succès.
2025-05-30T17:22:38.365+02:00  INFO 6148 --- [           main] c.nnk.springboot.services.UserService    : Utilisateur avec l'ID 15 mis à jour avec succès.
2025-05-30T17:22:38.365+02:00  INFO 6148 --- [           main] c.nnk.springboot.services.UserService    : Tentative de récupération de la liste des utilisateurs.
Hibernate: update users set fullname=?,password=?,role=?,username=? where id=?
Hibernate: select u1_0.id,u1_0.fullname,u1_0.password,u1_0.role,u1_0.username from users u1_0
2025-05-30T17:22:38.367+02:00  INFO 6148 --- [           main] c.nnk.springboot.services.UserService    : Liste des utilisateurs récupérée avec succès.
]]></system-out>
  </testcase>
  <testcase name="loginUser_test" classname="com.nnk.springboot.integration.UserIntegrationTest" time="0.145">
    <system-out><![CDATA[Hibernate: select u1_0.id,u1_0.fullname,u1_0.password,u1_0.role,u1_0.username from users u1_0
Hibernate: delete from users where id=?
Hibernate: delete from users where id=?
Hibernate: delete from users where id=?
2025-05-30T17:22:38.377+02:00  INFO 6148 --- [           main] c.nnk.springboot.services.UserService    : Entrée dans la méthode pour ajouter un nouvel utilisateur.
Hibernate: select u1_0.id,u1_0.fullname,u1_0.password,u1_0.role,u1_0.username from users u1_0 where u1_0.username=?
Hibernate: insert into users (fullname,password,role,username,id) values (?,?,?,?,?)
2025-05-30T17:22:38.441+02:00  INFO 6148 --- [           main] c.nnk.springboot.services.UserService    : Utilisateur sauvegardé avec succès.
2025-05-30T17:22:38.441+02:00  INFO 6148 --- [           main] c.nnk.springboot.services.UserService    : L'utilisateur sauvegardé : com.nnk.springboot.domain.User@3b51543
2025-05-30T17:22:38.442+02:00  INFO 6148 --- [           main] c.nnk.springboot.services.UserService    : Tentative de récupération de la liste des utilisateurs.
Hibernate: select u1_0.id,u1_0.fullname,u1_0.password,u1_0.role,u1_0.username from users u1_0
2025-05-30T17:22:38.445+02:00  INFO 6148 --- [           main] c.nnk.springboot.services.UserService    : Liste des utilisateurs récupérée avec succès.
2025-05-30T17:22:38.446+02:00  INFO 6148 --- [           main] c.n.s.services.CustomUserDetailService   : Tentative de chargement de l'utilisateur : testNico
Hibernate: select u1_0.id,u1_0.fullname,u1_0.password,u1_0.role,u1_0.username from users u1_0 where u1_0.username=?
2025-05-30T17:22:38.448+02:00  INFO 6148 --- [           main] c.n.s.services.CustomUserDetailService   : Utilisateur trouvé : testNico - Attribution des rôles
2025-05-30T17:22:38.509+02:00  INFO 6148 --- [           main] c.nnk.springboot.services.UserService    : Tentative de suppression de l'utilisateur avec l'ID : 16
2025-05-30T17:22:38.509+02:00  INFO 6148 --- [           main] c.nnk.springboot.services.UserService    : Tentative de récupération de l'utilisateur avec l'ID : 16
Hibernate: select u1_0.id,u1_0.fullname,u1_0.password,u1_0.role,u1_0.username from users u1_0 where u1_0.id=?
2025-05-30T17:22:38.511+02:00  INFO 6148 --- [           main] c.nnk.springboot.services.UserService    : Utilisateur avec l'ID 16 récupéré avec succès.
Hibernate: delete from users where id=?
2025-05-30T17:22:38.512+02:00  INFO 6148 --- [           main] c.nnk.springboot.services.UserService    : Utilisateur avec l'ID 16 supprimé avec succès.
]]></system-out>
  </testcase>
</testsuite>