<?xml version="1.0" encoding="UTF-8"?>
<testsuite xmlns:xsi="http://www.w3.org/2001/XMLSchema-instance" xsi:noNamespaceSchemaLocation="https://maven.apache.org/surefire/maven-surefire-plugin/xsd/surefire-test-report.xsd" version="3.0.2" name="com.nnk.springboot.integration.RuleNameIntegrationTest" time="0.054" tests="3" errors="0" skipped="0" failures="0">
  <properties>
[...]
</properties>
  <testcase name="deleteRuleName_test" classname="com.nnk.springboot.integration.RuleNameIntegrationTest" time="0.022">
    <system-out><![CDATA[2025-06-08T16:27:08.068+02:00  INFO 13266 --- [           main] t.c.s.AnnotationConfigContextLoaderUtils : Could not detect default configuration classes for test class [com.nnk.springboot.integration.RuleNameIntegrationTest]: RuleNameIntegrationTest does not declare any static, non-private, non-final, nested classes annotated with @Configuration.
2025-06-08T16:27:08.070+02:00  INFO 13266 --- [           main] .b.t.c.SpringBootTestContextBootstrapper : Found @SpringBootConfiguration com.nnk.springboot.Application for test class com.nnk.springboot.integration.RuleNameIntegrationTest
2025-06-08T16:27:08.079+02:00  INFO 13266 --- [           main] c.n.s.controllers.RuleNameController     : Nom de règle ajouté avec succès.
2025-06-08T16:27:08.080+02:00  INFO 13266 --- [           main] c.n.s.s.implService.RuleNameServiceImpl  : Adding new RuleName: RuleName(id=null, name=name test, description=desciption test, json=jsonTest, template=templateTest, sqlStr=sqlStrTest, sqlPart=sqlPartTest)
Hibernate: select next value for rulename_seq
2025-06-08T16:27:08.081+02:00  INFO 13266 --- [           main] c.n.s.s.implService.RuleNameServiceImpl  : Successfully added new RuleName: RuleName(id=1, name=name test, description=desciption test, json=jsonTest, template=templateTest, sqlStr=sqlStrTest, sqlPart=sqlPartTest)
2025-06-08T16:27:08.082+02:00  INFO 13266 --- [           main] c.n.s.s.implService.RuleNameServiceImpl  : Fetching all RuleNames from the repository.
Hibernate: insert into rulename (description,json,name,sql_part,sql_str,template,id) values (?,?,?,?,?,?,?)
Hibernate: select rn1_0.id,rn1_0.description,rn1_0.json,rn1_0.name,rn1_0.sql_part,rn1_0.sql_str,rn1_0.template from rulename rn1_0
2025-06-08T16:27:08.085+02:00  INFO 13266 --- [           main] c.n.s.s.implService.RuleNameServiceImpl  : Successfully fetched 1 RuleNames.
2025-06-08T16:27:08.087+02:00  INFO 13266 --- [           main] c.n.s.controllers.RuleNameController     : Suppression du nom de règle avec l'id : 1
2025-06-08T16:27:08.087+02:00  INFO 13266 --- [           main] c.n.s.s.implService.RuleNameServiceImpl  : Deleting RuleName with ID: 1
2025-06-08T16:27:08.087+02:00  INFO 13266 --- [           main] c.n.s.s.implService.RuleNameServiceImpl  : Fetching RuleName with ID: 1
2025-06-08T16:27:08.089+02:00  INFO 13266 --- [           main] c.n.s.s.implService.RuleNameServiceImpl  : Successfully fetched RuleName with ID: 1
2025-06-08T16:27:08.089+02:00  INFO 13266 --- [           main] c.n.s.s.implService.RuleNameServiceImpl  : Successfully deleted RuleName with ID: 1
2025-06-08T16:27:08.090+02:00  INFO 13266 --- [           main] c.n.s.s.implService.RuleNameServiceImpl  : Fetching all RuleNames from the repository.
Hibernate: delete from rulename where id=?
Hibernate: select rn1_0.id,rn1_0.description,rn1_0.json,rn1_0.name,rn1_0.sql_part,rn1_0.sql_str,rn1_0.template from rulename rn1_0
2025-06-08T16:27:08.092+02:00  INFO 13266 --- [           main] c.n.s.s.implService.RuleNameServiceImpl  : Successfully fetched 0 RuleNames.
]]></system-out>
  </testcase>
  <testcase name="addRuleName_test" classname="com.nnk.springboot.integration.RuleNameIntegrationTest" time="0.008">
    <system-out><![CDATA[2025-06-08T16:27:08.100+02:00  INFO 13266 --- [           main] c.n.s.controllers.RuleNameController     : Nom de règle ajouté avec succès.
2025-06-08T16:27:08.101+02:00  INFO 13266 --- [           main] c.n.s.s.implService.RuleNameServiceImpl  : Adding new RuleName: RuleName(id=null, name=name test, description=desciption test, json=jsonTest, template=templateTest, sqlStr=sqlStrTest, sqlPart=sqlPartTest)
Hibernate: select next value for rulename_seq
2025-06-08T16:27:08.101+02:00  INFO 13266 --- [           main] c.n.s.s.implService.RuleNameServiceImpl  : Successfully added new RuleName: RuleName(id=2, name=name test, description=desciption test, json=jsonTest, template=templateTest, sqlStr=sqlStrTest, sqlPart=sqlPartTest)
]]></system-out>
  </testcase>
  <testcase name="updateRuleName_test" classname="com.nnk.springboot.integration.RuleNameIntegrationTest" time="0.016">
    <system-out><![CDATA[2025-06-08T16:27:08.107+02:00  INFO 13266 --- [           main] c.n.s.controllers.RuleNameController     : Nom de règle ajouté avec succès.
2025-06-08T16:27:08.108+02:00  INFO 13266 --- [           main] c.n.s.s.implService.RuleNameServiceImpl  : Adding new RuleName: RuleName(id=null, name=name test, description=desciption test, json=jsonTest, template=templateTest, sqlStr=sqlStrTest, sqlPart=sqlPartTest)
2025-06-08T16:27:08.108+02:00  INFO 13266 --- [           main] c.n.s.s.implService.RuleNameServiceImpl  : Successfully added new RuleName: RuleName(id=3, name=name test, description=desciption test, json=jsonTest, template=templateTest, sqlStr=sqlStrTest, sqlPart=sqlPartTest)
2025-06-08T16:27:08.109+02:00  INFO 13266 --- [           main] c.n.s.s.implService.RuleNameServiceImpl  : Fetching all RuleNames from the repository.
Hibernate: insert into rulename (description,json,name,sql_part,sql_str,template,id) values (?,?,?,?,?,?,?)
Hibernate: select rn1_0.id,rn1_0.description,rn1_0.json,rn1_0.name,rn1_0.sql_part,rn1_0.sql_str,rn1_0.template from rulename rn1_0
2025-06-08T16:27:08.111+02:00  INFO 13266 --- [           main] c.n.s.s.implService.RuleNameServiceImpl  : Successfully fetched 1 RuleNames.
2025-06-08T16:27:08.113+02:00  INFO 13266 --- [           main] c.n.s.controllers.RuleNameController     : Nom de règle avec l'id 3 mis à jour avec succès.
2025-06-08T16:27:08.113+02:00  INFO 13266 --- [           main] c.n.s.s.implService.RuleNameServiceImpl  : Updating RuleName with ID: 3
2025-06-08T16:27:08.113+02:00  INFO 13266 --- [           main] c.n.s.s.implService.RuleNameServiceImpl  : Fetching RuleName with ID: 3
2025-06-08T16:27:08.114+02:00  INFO 13266 --- [           main] c.n.s.s.implService.RuleNameServiceImpl  : Successfully fetched RuleName with ID: 3
2025-06-08T16:27:08.114+02:00  INFO 13266 --- [           main] c.n.s.s.implService.RuleNameServiceImpl  : Successfully updated RuleName with ID: 3
2025-06-08T16:27:08.115+02:00  INFO 13266 --- [           main] c.n.s.s.implService.RuleNameServiceImpl  : Fetching all RuleNames from the repository.
Hibernate: update rulename set description=?,json=?,name=?,sql_part=?,sql_str=?,template=? where id=?
Hibernate: select rn1_0.id,rn1_0.description,rn1_0.json,rn1_0.name,rn1_0.sql_part,rn1_0.sql_str,rn1_0.template from rulename rn1_0
2025-06-08T16:27:08.117+02:00  INFO 13266 --- [           main] c.n.s.s.implService.RuleNameServiceImpl  : Successfully fetched 1 RuleNames.
]]></system-out>
  </testcase>
</testsuite>