<?xml version="1.0" encoding="UTF-8"?>
<testsuite xmlns:xsi="http://www.w3.org/2001/XMLSchema-instance" xsi:noNamespaceSchemaLocation="https://maven.apache.org/surefire/maven-surefire-plugin/xsd/surefire-test-report.xsd" version="3.0.2" name="com.nnk.springboot.unitaire.controller.RatingControllerTest" time="1.106" tests="3" errors="0" skipped="0" failures="0">
  <properties>
[...]
</properties>
  <testcase name="get_addRating_Page" classname="com.nnk.springboot.unitaire.controller.RatingControllerTest" time="0.09">
    <system-out><![CDATA[2025-06-08T16:27:11.245+02:00  INFO 13266 --- [           main] t.c.s.AnnotationConfigContextLoaderUtils : Could not detect default configuration classes for test class [com.nnk.springboot.unitaire.controller.RatingControllerTest]: RatingControllerTest does not declare any static, non-private, non-final, nested classes annotated with @Configuration.
2025-06-08T16:27:11.248+02:00  INFO 13266 --- [           main] .b.t.c.SpringBootTestContextBootstrapper : Found @SpringBootConfiguration com.nnk.springboot.Application for test class com.nnk.springboot.unitaire.controller.RatingControllerTest
2025-06-08T16:27:11.251+02:00  INFO 13266 --- [           main] o.s.b.d.r.RestartApplicationListener     : Restart disabled due to context in which it is running

  .   ____          _            __ _ _
 /\\ / ___'_ __ _ _(_)_ __  __ _ \ \ \ \
( ( )\___ | '_ | '_| | '_ \/ _` | \ \ \ \
 \\/  ___)| |_)| | | | | || (_| |  ) ) ) )
  '  |____| .__|_| |_|_| |_\__, | / / / /
 =========|_|==============|___/=/_/_/_/

 :: Spring Boot ::                (v3.4.1)

2025-06-08T16:27:11.280+02:00  INFO 13266 --- [           main] c.n.s.u.controller.RatingControllerTest  : Starting RatingControllerTest using Java 17.0.15 with PID 13266 (started by nicolas in /home/nicolas/Documents/OpenClassroom - Java/Projet7-Backend-Sécurité/Poseiden-skeleton)
2025-06-08T16:27:11.280+02:00  INFO 13266 --- [           main] c.n.s.u.controller.RatingControllerTest  : The following 1 profile is active: "test"
2025-06-08T16:27:11.470+02:00  INFO 13266 --- [           main] .s.d.r.c.RepositoryConfigurationDelegate : Bootstrapping Spring Data JPA repositories in DEFAULT mode.
2025-06-08T16:27:11.486+02:00  INFO 13266 --- [           main] .s.d.r.c.RepositoryConfigurationDelegate : Finished Spring Data repository scanning in 15 ms. Found 6 JPA repository interfaces.
2025-06-08T16:27:11.645+02:00  INFO 13266 --- [           main] o.hibernate.jpa.internal.util.LogHelper  : HHH000204: Processing PersistenceUnitInfo [name: default]
2025-06-08T16:27:11.648+02:00  INFO 13266 --- [           main] o.h.c.internal.RegionFactoryInitiator    : HHH000026: Second-level cache disabled
2025-06-08T16:27:11.657+02:00  INFO 13266 --- [           main] o.s.o.j.p.SpringPersistenceUnitInfo      : No LoadTimeWeaver setup: ignoring JPA class transformer
2025-06-08T16:27:11.658+02:00  INFO 13266 --- [           main] com.zaxxer.hikari.HikariDataSource       : HikariPool-5 - Starting...
2025-06-08T16:27:11.659+02:00  INFO 13266 --- [           main] com.zaxxer.hikari.pool.HikariPool        : HikariPool-5 - Added connection conn40: url=jdbc:h2:mem:testdb user=SA
2025-06-08T16:27:11.659+02:00  INFO 13266 --- [           main] com.zaxxer.hikari.HikariDataSource       : HikariPool-5 - Start completed.
2025-06-08T16:27:11.660+02:00  WARN 13266 --- [           main] org.hibernate.orm.deprecation            : HHH90000025: H2Dialect does not need to be specified explicitly using 'hibernate.dialect' (remove the property setting and it will be selected by default)
2025-06-08T16:27:11.660+02:00  INFO 13266 --- [           main] org.hibernate.orm.connections.pooling    : HHH10001005: Database info:
	Database JDBC URL [Connecting through datasource 'HikariDataSource (HikariPool-5)']
	Database driver: undefined/unknown
	Database version: 2.3.232
	Autocommit mode: undefined/unknown
	Isolation level: undefined/unknown
	Minimum pool size: undefined/unknown
	Maximum pool size: undefined/unknown
Hibernate: create global temporary table HTE_rulename(id integer, rn_ integer not null, description varchar(255), json varchar(255), name varchar(255), sql_part varchar(255), sql_str varchar(255), template varchar(255), primary key (rn_)) TRANSACTIONAL
Hibernate: create global temporary table HTE_users(rn_ integer not null, id bigint, fullname varchar(255), password varchar(255), role varchar(255), username varchar(255), primary key (rn_)) TRANSACTIONAL
Hibernate: create global temporary table HTE_bidlist(bid_list_id integer, bid_quantity numeric(12,2), rn_ integer not null, ask float(53), ask_quantity float(53), bid float(53), bid_list_date timestamp(6), creation_date timestamp(6), revision_date timestamp(6), account varchar(255), benchmark varchar(255), book varchar(255), commentary varchar(255), creation_name varchar(255), deal_name varchar(255), deal_type varchar(255), revision_name varchar(255), security varchar(255), side varchar(255), source_list_id varchar(255), status varchar(255), trader varchar(255), type varchar(255), primary key (rn_)) TRANSACTIONAL
Hibernate: create global temporary table HTE_rating(id integer, order_number integer, rn_ integer not null, fitch_rating varchar(255), moodys_rating varchar(255), sand_rating varchar(255), primary key (rn_)) TRANSACTIONAL
Hibernate: create global temporary table HTE_trade(rn_ integer not null, trade_id integer, buy_price float(53), buy_quantity float(53), creation_date timestamp(6), revision_date timestamp(6), sell_price float(53), sell_quantity float(53), trade_date timestamp(6), account varchar(255), benchmark varchar(255), book varchar(255), creation_name varchar(255), deal_name varchar(255), deal_type varchar(255), revision_name varchar(255), security varchar(255), side varchar(255), source_list_id varchar(255), status varchar(255), trader varchar(255), type varchar(255), primary key (rn_)) TRANSACTIONAL
Hibernate: create global temporary table HTE_curvepoint("value" numeric(12,2), curve_id integer, id integer, rn_ integer not null, term numeric(12,2), as_of_date timestamp(6), creation_date timestamp(6), primary key (rn_)) TRANSACTIONAL
2025-06-08T16:27:11.905+02:00  INFO 13266 --- [           main] o.h.e.t.j.p.i.JtaPlatformInitiator       : HHH000489: No JTA platform available (set 'hibernate.transaction.jta.platform' to enable JTA platform integration)
2025-06-08T16:27:11.909+02:00  INFO 13266 --- [           main] j.LocalContainerEntityManagerFactoryBean : Initialized JPA EntityManagerFactory for persistence unit 'default'
2025-06-08T16:27:12.000+02:00  WARN 13266 --- [           main] JpaBaseConfiguration$JpaWebConfiguration : spring.jpa.open-in-view is enabled by default. Therefore, database queries may be performed during view rendering. Explicitly configure spring.jpa.open-in-view to disable this warning
2025-06-08T16:27:12.007+02:00  INFO 13266 --- [           main] r$InitializeUserDetailsManagerConfigurer : Global AuthenticationManager configured with UserDetailsService bean with name customUserDetailServiceImpl
2025-06-08T16:27:12.079+02:00  INFO 13266 --- [           main] c.nnk.springboot.config.SecurityConfig   : Configuration des règles de sécurité
2025-06-08T16:27:12.096+02:00  INFO 13266 --- [           main] c.nnk.springboot.config.SecurityConfig   : Configuration de la sécurité appliquée avec succès
2025-06-08T16:27:12.107+02:00  INFO 13266 --- [           main] c.nnk.springboot.config.SecurityConfig   : Configuration du gestionnaire d'authentification
2025-06-08T16:27:12.107+02:00  INFO 13266 --- [           main] c.nnk.springboot.config.SecurityConfig   : Gestionnaire d'authentification configuré avec succès
2025-06-08T16:27:12.205+02:00  INFO 13266 --- [           main] o.s.b.t.m.w.SpringBootMockServletContext : Initializing Spring TestDispatcherServlet ''
2025-06-08T16:27:12.205+02:00  INFO 13266 --- [           main] o.s.t.web.servlet.TestDispatcherServlet  : Initializing Servlet ''
2025-06-08T16:27:12.206+02:00  INFO 13266 --- [           main] o.s.t.web.servlet.TestDispatcherServlet  : Completed initialization in 1 ms
2025-06-08T16:27:12.216+02:00  INFO 13266 --- [           main] c.n.s.u.controller.RatingControllerTest  : Started RatingControllerTest in 0.965 seconds (process running for 15.163)
2025-06-08T16:27:12.227+02:00  INFO 13266 --- [           main] c.n.s.controllers.RatingController       : Accès au formulaire d'ajout d'une évaluation.
]]></system-out>
  </testcase>
  <testcase name="get_ratingList_Page" classname="com.nnk.springboot.unitaire.controller.RatingControllerTest" time="0.016">
    <system-out><![CDATA[2025-06-08T16:27:12.315+02:00  INFO 13266 --- [           main] c.n.s.controllers.RatingController       : Affichage de la liste des évaluations.
]]></system-out>
  </testcase>
  <testcase name="get_updateRating_Page" classname="com.nnk.springboot.unitaire.controller.RatingControllerTest" time="0.021">
    <system-out><![CDATA[2025-06-08T16:27:12.333+02:00  INFO 13266 --- [           main] c.n.s.controllers.RatingController       : Accès au formulaire de mise à jour de l'évaluation avec l'id : 1
]]></system-out>
  </testcase>
</testsuite>