<?xml version="1.0" encoding="UTF-8"?>
<testsuite xmlns:xsi="http://www.w3.org/2001/XMLSchema-instance" xsi:noNamespaceSchemaLocation="https://maven.apache.org/surefire/maven-surefire-plugin/xsd/surefire-test-report.xsd" version="3.0.2" name="com.nnk.springboot.integration.CurvePointIntegrationTest" time="0.45" tests="5" errors="0" skipped="0" failures="0">
  <properties>
[...]
</properties>
  <testcase name="update_error_CurvePoint_Test" classname="com.nnk.springboot.integration.CurvePointIntegrationTest" time="0.386">
    <system-out><![CDATA[2025-05-30T17:22:36.388+02:00  INFO 6148 --- [           main] t.c.s.AnnotationConfigContextLoaderUtils : Could not detect default configuration classes for test class [com.nnk.springboot.integration.CurvePointIntegrationTest]: CurvePointIntegrationTest does not declare any static, non-private, non-final, nested classes annotated with @Configuration.
2025-05-30T17:22:36.391+02:00  INFO 6148 --- [           main] .b.t.c.SpringBootTestContextBootstrapper : Found @SpringBootConfiguration com.nnk.springboot.Application for test class com.nnk.springboot.integration.CurvePointIntegrationTest
2025-05-30T17:22:36.408+02:00  INFO 6148 --- [           main] c.n.s.services.CurvePointService         : Entrée dans la méthode addCurvePoint().
Hibernate: select next value for curvepoint_seq
2025-05-30T17:22:36.410+02:00  INFO 6148 --- [           main] c.n.s.services.CurvePointService         : CurvePoint ajouté avec succès : CurvePoint(id=1, curveId=null, asOfDate=null, term=10.50, value=50, creationDate=null)
2025-05-30T17:22:36.410+02:00  INFO 6148 --- [           main] c.n.s.controllers.CurveController        : CurvePoint ajouté avec succès.
2025-05-30T17:22:36.411+02:00  INFO 6148 --- [           main] c.n.s.services.CurvePointService         : Entrée dans la méthode getAllCurvePoint().
Hibernate: insert into curvepoint (as_of_date,creation_date,curve_id,term,"value",id) values (?,?,?,?,?,?)
Hibernate: select cp1_0.id,cp1_0.as_of_date,cp1_0.creation_date,cp1_0.curve_id,cp1_0.term,cp1_0."value" from curvepoint cp1_0
2025-05-30T17:22:36.416+02:00  INFO 6148 --- [           main] c.n.s.services.CurvePointService         : Nombre de CurvePoints récupérés : 1
2025-05-30T17:22:36.428+02:00  WARN 6148 --- [           main] c.n.s.controllers.CurveController        : Des erreurs de validation ont été trouvées lors de la mise à jour du CurvePoint.
]]></system-out>
  </testcase>
  <testcase name="add_CurvePoint_Test" classname="com.nnk.springboot.integration.CurvePointIntegrationTest" time="0.007">
    <system-out><![CDATA[2025-05-30T17:22:36.786+02:00  INFO 6148 --- [           main] c.n.s.services.CurvePointService         : Entrée dans la méthode addCurvePoint().
Hibernate: select next value for curvepoint_seq
2025-05-30T17:22:36.787+02:00  INFO 6148 --- [           main] c.n.s.services.CurvePointService         : CurvePoint ajouté avec succès : CurvePoint(id=2, curveId=null, asOfDate=null, term=10.50, value=50.65, creationDate=null)
2025-05-30T17:22:36.787+02:00  INFO 6148 --- [           main] c.n.s.controllers.CurveController        : CurvePoint ajouté avec succès.
]]></system-out>
  </testcase>
  <testcase name="delete_CurvePoint_Test" classname="com.nnk.springboot.integration.CurvePointIntegrationTest" time="0.015">
    <system-out><![CDATA[2025-05-30T17:22:36.795+02:00  INFO 6148 --- [           main] c.n.s.services.CurvePointService         : Entrée dans la méthode addCurvePoint().
2025-05-30T17:22:36.795+02:00  INFO 6148 --- [           main] c.n.s.services.CurvePointService         : CurvePoint ajouté avec succès : CurvePoint(id=3, curveId=null, asOfDate=null, term=10.50, value=50, creationDate=null)
2025-05-30T17:22:36.796+02:00  INFO 6148 --- [           main] c.n.s.controllers.CurveController        : CurvePoint ajouté avec succès.
2025-05-30T17:22:36.796+02:00  INFO 6148 --- [           main] c.n.s.services.CurvePointService         : Entrée dans la méthode getAllCurvePoint().
Hibernate: insert into curvepoint (as_of_date,creation_date,curve_id,term,"value",id) values (?,?,?,?,?,?)
Hibernate: select cp1_0.id,cp1_0.as_of_date,cp1_0.creation_date,cp1_0.curve_id,cp1_0.term,cp1_0."value" from curvepoint cp1_0
2025-05-30T17:22:36.798+02:00  INFO 6148 --- [           main] c.n.s.services.CurvePointService         : Nombre de CurvePoints récupérés : 1
2025-05-30T17:22:36.799+02:00  INFO 6148 --- [           main] c.n.s.i.CurvePointIntegrationTest        : La liste de curvePoint : [CurvePoint(id=3, curveId=null, asOfDate=null, term=10.50, value=50, creationDate=null)]
2025-05-30T17:22:36.801+02:00  INFO 6148 --- [           main] c.n.s.controllers.CurveController        : Suppression du CurvePoint avec l'ID: 3
2025-05-30T17:22:36.802+02:00  INFO 6148 --- [           main] c.n.s.services.CurvePointService         : Entrée dans la méthode deleteCurvePoint() pour l'ID 3
2025-05-30T17:22:36.802+02:00  INFO 6148 --- [           main] c.n.s.services.CurvePointService         : Entrée dans la méthode getCurvePointById() avec ID : 3
2025-05-30T17:22:36.803+02:00  INFO 6148 --- [           main] c.n.s.services.CurvePointService         : CurvePoint récupéré avec succès : CurvePoint(id=3, curveId=null, asOfDate=null, term=10.50, value=50, creationDate=null)
2025-05-30T17:22:36.803+02:00  INFO 6148 --- [           main] c.n.s.services.CurvePointService         : CurvePoint supprimé avec succès.
2025-05-30T17:22:36.803+02:00  INFO 6148 --- [           main] c.n.s.controllers.CurveController        : CurvePoint avec l'ID 3 supprimé avec succès.
]]></system-out>
  </testcase>
  <testcase name="add_error_CurvePoint_Test" classname="com.nnk.springboot.integration.CurvePointIntegrationTest" time="0.013">
    <system-out><![CDATA[2025-05-30T17:22:36.811+02:00  WARN 6148 --- [           main] c.n.s.controllers.CurveController        : Des erreurs de validation ont été trouvées pour le CurvePoint.
]]></system-out>
  </testcase>
  <testcase name="update_CurvePoint_Test" classname="com.nnk.springboot.integration.CurvePointIntegrationTest" time="0.015">
    <system-out><![CDATA[2025-05-30T17:22:36.824+02:00  INFO 6148 --- [           main] c.n.s.services.CurvePointService         : Entrée dans la méthode addCurvePoint().
2025-05-30T17:22:36.825+02:00  INFO 6148 --- [           main] c.n.s.services.CurvePointService         : CurvePoint ajouté avec succès : CurvePoint(id=4, curveId=null, asOfDate=null, term=10.50, value=50, creationDate=null)
2025-05-30T17:22:36.825+02:00  INFO 6148 --- [           main] c.n.s.controllers.CurveController        : CurvePoint ajouté avec succès.
2025-05-30T17:22:36.826+02:00  INFO 6148 --- [           main] c.n.s.services.CurvePointService         : Entrée dans la méthode getAllCurvePoint().
Hibernate: insert into curvepoint (as_of_date,creation_date,curve_id,term,"value",id) values (?,?,?,?,?,?)
Hibernate: select cp1_0.id,cp1_0.as_of_date,cp1_0.creation_date,cp1_0.curve_id,cp1_0.term,cp1_0."value" from curvepoint cp1_0
2025-05-30T17:22:36.828+02:00  INFO 6148 --- [           main] c.n.s.services.CurvePointService         : Nombre de CurvePoints récupérés : 1
2025-05-30T17:22:36.830+02:00  INFO 6148 --- [           main] c.n.s.services.CurvePointService         : Entrée dans la méthode updateCurvePoint() pour l'ID 4
2025-05-30T17:22:36.830+02:00  INFO 6148 --- [           main] c.n.s.services.CurvePointService         : Entrée dans la méthode getCurvePointById() avec ID : 4
2025-05-30T17:22:36.830+02:00  INFO 6148 --- [           main] c.n.s.services.CurvePointService         : CurvePoint récupéré avec succès : CurvePoint(id=4, curveId=null, asOfDate=null, term=10.50, value=50, creationDate=null)
2025-05-30T17:22:36.830+02:00  INFO 6148 --- [           main] c.n.s.services.CurvePointService         : CurvePoint mis à jour avec succès.
2025-05-30T17:22:36.830+02:00  INFO 6148 --- [           main] c.n.s.controllers.CurveController        : CurvePoint avec l'ID 4 mis à jour avec succès.
2025-05-30T17:22:36.831+02:00  INFO 6148 --- [           main] c.n.s.services.CurvePointService         : Entrée dans la méthode getAllCurvePoint().
Hibernate: update curvepoint set as_of_date=?,creation_date=?,curve_id=?,term=?,"value"=? where id=?
Hibernate: select cp1_0.id,cp1_0.as_of_date,cp1_0.creation_date,cp1_0.curve_id,cp1_0.term,cp1_0."value" from curvepoint cp1_0
2025-05-30T17:22:36.833+02:00  INFO 6148 --- [           main] c.n.s.services.CurvePointService         : Nombre de CurvePoints récupérés : 1
]]></system-out>
  </testcase>
</testsuite>